f:\c++文件\gamedemo\gamedemo\x64\debug\vc142.pdb
f:\c++文件\gamedemo\gamedemo\x64\debug\vc142.idb
f:\c++文件\gamedemo\gamedemo\x64\debug\main.obj
f:\c++文件\gamedemo\x64\debug\gamedemo.pdb
f:\c++文件\gamedemo\gamedemo\x64\debug\gamedemo.tlog\cl.command.1.tlog
f:\c++文件\gamedemo\gamedemo\x64\debug\gamedemo.tlog\cl.read.1.tlog
f:\c++文件\gamedemo\gamedemo\x64\debug\gamedemo.tlog\cl.write.1.tlog
f:\c++文件\gamedemo\gamedemo\x64\debug\gamedemo.tlog\link-cvtres.read.1.tlog
f:\c++文件\gamedemo\gamedemo\x64\debug\gamedemo.tlog\link-cvtres.write.1.tlog
f:\c++文件\gamedemo\gamedemo\x64\debug\gamedemo.tlog\link-rc.read.1.tlog
f:\c++文件\gamedemo\gamedemo\x64\debug\gamedemo.tlog\link-rc.write.1.tlog
f:\c++文件\gamedemo\gamedemo\x64\debug\gamedemo.tlog\link.10892-cvtres.read.1.tlog
f:\c++文件\gamedemo\gamedemo\x64\debug\gamedemo.tlog\link.10892-cvtres.write.1.tlog
f:\c++文件\gamedemo\gamedemo\x64\debug\gamedemo.tlog\link.10892-rc.read.1.tlog
f:\c++文件\gamedemo\gamedemo\x64\debug\gamedemo.tlog\link.10892-rc.write.1.tlog
f:\c++文件\gamedemo\gamedemo\x64\debug\gamedemo.tlog\link.10892.read.1.tlog
f:\c++文件\gamedemo\gamedemo\x64\debug\gamedemo.tlog\link.10892.write.1.tlog
f:\c++文件\gamedemo\gamedemo\x64\debug\gamedemo.tlog\link.command.1.tlog
f:\c++文件\gamedemo\gamedemo\x64\debug\gamedemo.tlog\link.read.1.tlog
f:\c++文件\gamedemo\gamedemo\x64\debug\gamedemo.tlog\link.write.1.tlog
