  main.c
  sgfgame.c
  正在生成代码...
    正在创建库 F:\C++文件\GameDemo\x64\Debug\GameDemo.lib 和对象 F:\C++文件\GameDemo\x64\Debug\GameDemo.exp
SDL2d.lib(SDL.obj) : warning LNK4099: 未找到 PDB“SDL2-static.pdb”(使用“SDL2d.lib(SDL.obj)”或在“F:\C++文件\GameDemo\x64\Debug\SDL2-static.pdb”中寻找)；正在链接对象，如同没有调试信息一样
SDL2d.lib(SDL_assert.obj) : warning LNK4099: 未找到 PDB“SDL2-static.pdb”(使用“SDL2d.lib(SDL_assert.obj)”或在“F:\C++文件\GameDemo\x64\Debug\SDL2-static.pdb”中寻找)；正在链接对象，如同没有调试信息一样
SDL2d.lib(SDL_dataqueue.obj) : warning LNK4099: 未找到 PDB“SDL2-static.pdb”(使用“SDL2d.lib(SDL_dataqueue.obj)”或在“F:\C++文件\GameDemo\x64\Debug\SDL2-static.pdb”中寻找)；正在链接对象，如同没有调试信息一样
SDL2d.lib(SDL_error.obj) : warning LNK4099: 未找到 PDB“SDL2-static.pdb”(使用“SDL2d.lib(SDL_error.obj)”或在“F:\C++文件\GameDemo\x64\Debug\SDL2-static.pdb”中寻找)；正在链接对象，如同没有调试信息一样
SDL2d.lib(SDL_hints.obj) : warning LNK4099: 未找到 PDB“SDL2-static.pdb”(使用“SDL2d.lib(SDL_hints.obj)”或在“F:\C++文件\GameDemo\x64\Debug\SDL2-static.pdb”中寻找)；正在链接对象，如同没有调试信息一样
SDL2d.lib(SDL_log.obj) : warning LNK4099: 未找到 PDB“SDL2-static.pdb”(使用“SDL2d.lib(SDL_log.obj)”或在“F:\C++文件\GameDemo\x64\Debug\SDL2-static.pdb”中寻找)；正在链接对象，如同没有调试信息一样
SDL2d.lib(SDL_atomic.obj) : warning LNK4099: 未找到 PDB“SDL2-static.pdb”(使用“SDL2d.lib(SDL_atomic.obj)”或在“F:\C++文件\GameDemo\x64\Debug\SDL2-static.pdb”中寻找)；正在链接对象，如同没有调试信息一样
SDL2d.lib(SDL_spinlock.obj) : warning LNK4099: 未找到 PDB“SDL2-static.pdb”(使用“SDL2d.lib(SDL_spinlock.obj)”或在“F:\C++文件\GameDemo\x64\Debug\SDL2-static.pdb”中寻找)；正在链接对象，如同没有调试信息一样
SDL2d.lib(SDL_audio.obj) : warning LNK4099: 未找到 PDB“SDL2-static.pdb”(使用“SDL2d.lib(SDL_audio.obj)”或在“F:\C++文件\GameDemo\x64\Debug\SDL2-static.pdb”中寻找)；正在链接对象，如同没有调试信息一样
SDL2d.lib(SDL_audiocvt.obj) : warning LNK4099: 未找到 PDB“SDL2-static.pdb”(使用“SDL2d.lib(SDL_audiocvt.obj)”或在“F:\C++文件\GameDemo\x64\Debug\SDL2-static.pdb”中寻找)；正在链接对象，如同没有调试信息一样
SDL2d.lib(SDL_audiotypecvt.obj) : warning LNK4099: 未找到 PDB“SDL2-static.pdb”(使用“SDL2d.lib(SDL_audiotypecvt.obj)”或在“F:\C++文件\GameDemo\x64\Debug\SDL2-static.pdb”中寻找)；正在链接对象，如同没有调试信息一样
SDL2d.lib(SDL_mixer.obj) : warning LNK4099: 未找到 PDB“SDL2-static.pdb”(使用“SDL2d.lib(SDL_mixer.obj)”或在“F:\C++文件\GameDemo\x64\Debug\SDL2-static.pdb”中寻找)；正在链接对象，如同没有调试信息一样
SDL2d.lib(SDL_wave.obj) : warning LNK4099: 未找到 PDB“SDL2-static.pdb”(使用“SDL2d.lib(SDL_wave.obj)”或在“F:\C++文件\GameDemo\x64\Debug\SDL2-static.pdb”中寻找)；正在链接对象，如同没有调试信息一样
SDL2d.lib(SDL_cpuinfo.obj) : warning LNK4099: 未找到 PDB“SDL2-static.pdb”(使用“SDL2d.lib(SDL_cpuinfo.obj)”或在“F:\C++文件\GameDemo\x64\Debug\SDL2-static.pdb”中寻找)；正在链接对象，如同没有调试信息一样
SDL2d.lib(SDL_dynapi.obj) : warning LNK4099: 未找到 PDB“SDL2-static.pdb”(使用“SDL2d.lib(SDL_dynapi.obj)”或在“F:\C++文件\GameDemo\x64\Debug\SDL2-static.pdb”中寻找)；正在链接对象，如同没有调试信息一样
SDL2d.lib(SDL_clipboardevents.obj) : warning LNK4099: 未找到 PDB“”(使用“SDL2d.lib(SDL_clipboardevents.obj)”或在“”中寻找)；正在链接对象，如同没有调试信息一样
SDL2d.lib(SDL_dropevents.obj) : warning LNK4099: 未找到 PDB“SDL2-static.pdb”(使用“SDL2d.lib(SDL_dropevents.obj)”或在“F:\C++文件\GameDemo\x64\Debug\SDL2-static.pdb”中寻找)；正在链接对象，如同没有调试信息一样
SDL2d.lib(SDL_events.obj) : warning LNK4099: 未找到 PDB“SDL2-static.pdb”(使用“SDL2d.lib(SDL_events.obj)”或在“F:\C++文件\GameDemo\x64\Debug\SDL2-static.pdb”中寻找)；正在链接对象，如同没有调试信息一样
SDL2d.lib(SDL_gesture.obj) : warning LNK4099: 未找到 PDB“SDL2-static.pdb”(使用“SDL2d.lib(SDL_gesture.obj)”或在“F:\C++文件\GameDemo\x64\Debug\SDL2-static.pdb”中寻找)；正在链接对象，如同没有调试信息一样
SDL2d.lib(SDL_keyboard.obj) : warning LNK4099: 未找到 PDB“SDL2-static.pdb”(使用“SDL2d.lib(SDL_keyboard.obj)”或在“F:\C++文件\GameDemo\x64\Debug\SDL2-static.pdb”中寻找)；正在链接对象，如同没有调试信息一样
SDL2d.lib(SDL_mouse.obj) : warning LNK4099: 未找到 PDB“”(使用“SDL2d.lib(SDL_mouse.obj)”或在“”中寻找)；正在链接对象，如同没有调试信息一样
SDL2d.lib(SDL_quit.obj) : warning LNK4099: 未找到 PDB“SDL2-static.pdb”(使用“SDL2d.lib(SDL_quit.obj)”或在“F:\C++文件\GameDemo\x64\Debug\SDL2-static.pdb”中寻找)；正在链接对象，如同没有调试信息一样
SDL2d.lib(SDL_touch.obj) : warning LNK4099: 未找到 PDB“SDL2-static.pdb”(使用“SDL2d.lib(SDL_touch.obj)”或在“F:\C++文件\GameDemo\x64\Debug\SDL2-static.pdb”中寻找)；正在链接对象，如同没有调试信息一样
SDL2d.lib(SDL_windowevents.obj) : warning LNK4099: 未找到 PDB“SDL2-static.pdb”(使用“SDL2d.lib(SDL_windowevents.obj)”或在“F:\C++文件\GameDemo\x64\Debug\SDL2-static.pdb”中寻找)；正在链接对象，如同没有调试信息一样
SDL2d.lib(SDL_rwops.obj) : warning LNK4099: 未找到 PDB“”(使用“SDL2d.lib(SDL_rwops.obj)”或在“”中寻找)；正在链接对象，如同没有调试信息一样
SDL2d.lib(e_atan2.obj) : warning LNK4099: 未找到 PDB“SDL2-static.pdb”(使用“SDL2d.lib(e_atan2.obj)”或在“F:\C++文件\GameDemo\x64\Debug\SDL2-static.pdb”中寻找)；正在链接对象，如同没有调试信息一样
SDL2d.lib(e_exp.obj) : warning LNK4099: 未找到 PDB“”(使用“SDL2d.lib(e_exp.obj)”或在“”中寻找)；正在链接对象，如同没有调试信息一样
SDL2d.lib(e_fmod.obj) : warning LNK4099: 未找到 PDB“SDL2-static.pdb”(使用“SDL2d.lib(e_fmod.obj)”或在“F:\C++文件\GameDemo\x64\Debug\SDL2-static.pdb”中寻找)；正在链接对象，如同没有调试信息一样
SDL2d.lib(e_log.obj) : warning LNK4099: 未找到 PDB“SDL2-static.pdb”(使用“SDL2d.lib(e_log.obj)”或在“F:\C++文件\GameDemo\x64\Debug\SDL2-static.pdb”中寻找)；正在链接对象，如同没有调试信息一样
SDL2d.lib(e_log10.obj) : warning LNK4099: 未找到 PDB“SDL2-static.pdb”(使用“SDL2d.lib(e_log10.obj)”或在“F:\C++文件\GameDemo\x64\Debug\SDL2-static.pdb”中寻找)；正在链接对象，如同没有调试信息一样
SDL2d.lib(e_pow.obj) : warning LNK4099: 未找到 PDB“SDL2-static.pdb”(使用“SDL2d.lib(e_pow.obj)”或在“F:\C++文件\GameDemo\x64\Debug\SDL2-static.pdb”中寻找)；正在链接对象，如同没有调试信息一样
SDL2d.lib(e_rem_pio2.obj) : warning LNK4099: 未找到 PDB“SDL2-static.pdb”(使用“SDL2d.lib(e_rem_pio2.obj)”或在“F:\C++文件\GameDemo\x64\Debug\SDL2-static.pdb”中寻找)；正在链接对象，如同没有调试信息一样
SDL2d.lib(e_sqrt.obj) : warning LNK4099: 未找到 PDB“SDL2-static.pdb”(使用“SDL2d.lib(e_sqrt.obj)”或在“F:\C++文件\GameDemo\x64\Debug\SDL2-static.pdb”中寻找)；正在链接对象，如同没有调试信息一样
SDL2d.lib(k_cos.obj) : warning LNK4099: 未找到 PDB“SDL2-static.pdb”(使用“SDL2d.lib(k_cos.obj)”或在“F:\C++文件\GameDemo\x64\Debug\SDL2-static.pdb”中寻找)；正在链接对象，如同没有调试信息一样
SDL2d.lib(k_rem_pio2.obj) : warning LNK4099: 未找到 PDB“SDL2-static.pdb”(使用“SDL2d.lib(k_rem_pio2.obj)”或在“F:\C++文件\GameDemo\x64\Debug\SDL2-static.pdb”中寻找)；正在链接对象，如同没有调试信息一样
SDL2d.lib(k_sin.obj) : warning LNK4099: 未找到 PDB“SDL2-static.pdb”(使用“SDL2d.lib(k_sin.obj)”或在“F:\C++文件\GameDemo\x64\Debug\SDL2-static.pdb”中寻找)；正在链接对象，如同没有调试信息一样
SDL2d.lib(k_tan.obj) : warning LNK4099: 未找到 PDB“SDL2-static.pdb”(使用“SDL2d.lib(k_tan.obj)”或在“F:\C++文件\GameDemo\x64\Debug\SDL2-static.pdb”中寻找)；正在链接对象，如同没有调试信息一样
SDL2d.lib(s_atan.obj) : warning LNK4099: 未找到 PDB“SDL2-static.pdb”(使用“SDL2d.lib(s_atan.obj)”或在“F:\C++文件\GameDemo\x64\Debug\SDL2-static.pdb”中寻找)；正在链接对象，如同没有调试信息一样
SDL2d.lib(s_copysign.obj) : warning LNK4099: 未找到 PDB“”(使用“SDL2d.lib(s_copysign.obj)”或在“”中寻找)；正在链接对象，如同没有调试信息一样
SDL2d.lib(s_cos.obj) : warning LNK4099: 未找到 PDB“”(使用“SDL2d.lib(s_cos.obj)”或在“”中寻找)；正在链接对象，如同没有调试信息一样
SDL2d.lib(s_fabs.obj) : warning LNK4099: 未找到 PDB“SDL2-static.pdb”(使用“SDL2d.lib(s_fabs.obj)”或在“F:\C++文件\GameDemo\x64\Debug\SDL2-static.pdb”中寻找)；正在链接对象，如同没有调试信息一样
SDL2d.lib(s_floor.obj) : warning LNK4099: 未找到 PDB“”(使用“SDL2d.lib(s_floor.obj)”或在“”中寻找)；正在链接对象，如同没有调试信息一样
SDL2d.lib(s_scalbn.obj) : warning LNK4099: 未找到 PDB“SDL2-static.pdb”(使用“SDL2d.lib(s_scalbn.obj)”或在“F:\C++文件\GameDemo\x64\Debug\SDL2-static.pdb”中寻找)；正在链接对象，如同没有调试信息一样
SDL2d.lib(s_sin.obj) : warning LNK4099: 未找到 PDB“SDL2-static.pdb”(使用“SDL2d.lib(s_sin.obj)”或在“F:\C++文件\GameDemo\x64\Debug\SDL2-static.pdb”中寻找)；正在链接对象，如同没有调试信息一样
SDL2d.lib(s_tan.obj) : warning LNK4099: 未找到 PDB“”(使用“SDL2d.lib(s_tan.obj)”或在“”中寻找)；正在链接对象，如同没有调试信息一样
SDL2d.lib(SDL_d3dmath.obj) : warning LNK4099: 未找到 PDB“”(使用“SDL2d.lib(SDL_d3dmath.obj)”或在“”中寻找)；正在链接对象，如同没有调试信息一样
SDL2d.lib(SDL_render.obj) : warning LNK4099: 未找到 PDB“SDL2-static.pdb”(使用“SDL2d.lib(SDL_render.obj)”或在“F:\C++文件\GameDemo\x64\Debug\SDL2-static.pdb”中寻找)；正在链接对象，如同没有调试信息一样
SDL2d.lib(SDL_yuv_sw.obj) : warning LNK4099: 未找到 PDB“”(使用“SDL2d.lib(SDL_yuv_sw.obj)”或在“”中寻找)；正在链接对象，如同没有调试信息一样
SDL2d.lib(SDL_render_d3d.obj) : warning LNK4099: 未找到 PDB“SDL2-static.pdb”(使用“SDL2d.lib(SDL_render_d3d.obj)”或在“F:\C++文件\GameDemo\x64\Debug\SDL2-static.pdb”中寻找)；正在链接对象，如同没有调试信息一样
SDL2d.lib(SDL_shaders_d3d.obj) : warning LNK4099: 未找到 PDB“SDL2-static.pdb”(使用“SDL2d.lib(SDL_shaders_d3d.obj)”或在“F:\C++文件\GameDemo\x64\Debug\SDL2-static.pdb”中寻找)；正在链接对象，如同没有调试信息一样
SDL2d.lib(SDL_render_d3d11.obj) : warning LNK4099: 未找到 PDB“SDL2-static.pdb”(使用“SDL2d.lib(SDL_render_d3d11.obj)”或在“F:\C++文件\GameDemo\x64\Debug\SDL2-static.pdb”中寻找)；正在链接对象，如同没有调试信息一样
SDL2d.lib(SDL_shaders_d3d11.obj) : warning LNK4099: 未找到 PDB“”(使用“SDL2d.lib(SDL_shaders_d3d11.obj)”或在“”中寻找)；正在链接对象，如同没有调试信息一样
SDL2d.lib(SDL_render_gl.obj) : warning LNK4099: 未找到 PDB“SDL2-static.pdb”(使用“SDL2d.lib(SDL_render_gl.obj)”或在“F:\C++文件\GameDemo\x64\Debug\SDL2-static.pdb”中寻找)；正在链接对象，如同没有调试信息一样
SDL2d.lib(SDL_shaders_gl.obj) : warning LNK4099: 未找到 PDB“SDL2-static.pdb”(使用“SDL2d.lib(SDL_shaders_gl.obj)”或在“F:\C++文件\GameDemo\x64\Debug\SDL2-static.pdb”中寻找)；正在链接对象，如同没有调试信息一样
SDL2d.lib(SDL_render_gles2.obj) : warning LNK4099: 未找到 PDB“SDL2-static.pdb”(使用“SDL2d.lib(SDL_render_gles2.obj)”或在“F:\C++文件\GameDemo\x64\Debug\SDL2-static.pdb”中寻找)；正在链接对象，如同没有调试信息一样
SDL2d.lib(SDL_shaders_gles2.obj) : warning LNK4099: 未找到 PDB“”(使用“SDL2d.lib(SDL_shaders_gles2.obj)”或在“”中寻找)；正在链接对象，如同没有调试信息一样
SDL2d.lib(SDL_blendfillrect.obj) : warning LNK4099: 未找到 PDB“SDL2-static.pdb”(使用“SDL2d.lib(SDL_blendfillrect.obj)”或在“F:\C++文件\GameDemo\x64\Debug\SDL2-static.pdb”中寻找)；正在链接对象，如同没有调试信息一样
SDL2d.lib(SDL_blendline.obj) : warning LNK4099: 未找到 PDB“SDL2-static.pdb”(使用“SDL2d.lib(SDL_blendline.obj)”或在“F:\C++文件\GameDemo\x64\Debug\SDL2-static.pdb”中寻找)；正在链接对象，如同没有调试信息一样
SDL2d.lib(SDL_blendpoint.obj) : warning LNK4099: 未找到 PDB“SDL2-static.pdb”(使用“SDL2d.lib(SDL_blendpoint.obj)”或在“F:\C++文件\GameDemo\x64\Debug\SDL2-static.pdb”中寻找)；正在链接对象，如同没有调试信息一样
SDL2d.lib(SDL_drawline.obj) : warning LNK4099: 未找到 PDB“”(使用“SDL2d.lib(SDL_drawline.obj)”或在“”中寻找)；正在链接对象，如同没有调试信息一样
SDL2d.lib(SDL_drawpoint.obj) : warning LNK4099: 未找到 PDB“SDL2-static.pdb”(使用“SDL2d.lib(SDL_drawpoint.obj)”或在“F:\C++文件\GameDemo\x64\Debug\SDL2-static.pdb”中寻找)；正在链接对象，如同没有调试信息一样
SDL2d.lib(SDL_render_sw.obj) : warning LNK4099: 未找到 PDB“”(使用“SDL2d.lib(SDL_render_sw.obj)”或在“”中寻找)；正在链接对象，如同没有调试信息一样
SDL2d.lib(SDL_rotate.obj) : warning LNK4099: 未找到 PDB“SDL2-static.pdb”(使用“SDL2d.lib(SDL_rotate.obj)”或在“F:\C++文件\GameDemo\x64\Debug\SDL2-static.pdb”中寻找)；正在链接对象，如同没有调试信息一样
SDL2d.lib(SDL_getenv.obj) : warning LNK4099: 未找到 PDB“SDL2-static.pdb”(使用“SDL2d.lib(SDL_getenv.obj)”或在“F:\C++文件\GameDemo\x64\Debug\SDL2-static.pdb”中寻找)；正在链接对象，如同没有调试信息一样
SDL2d.lib(SDL_iconv.obj) : warning LNK4099: 未找到 PDB“SDL2-static.pdb”(使用“SDL2d.lib(SDL_iconv.obj)”或在“F:\C++文件\GameDemo\x64\Debug\SDL2-static.pdb”中寻找)；正在链接对象，如同没有调试信息一样
SDL2d.lib(SDL_malloc.obj) : warning LNK4099: 未找到 PDB“SDL2-static.pdb”(使用“SDL2d.lib(SDL_malloc.obj)”或在“F:\C++文件\GameDemo\x64\Debug\SDL2-static.pdb”中寻找)；正在链接对象，如同没有调试信息一样
SDL2d.lib(SDL_qsort.obj) : warning LNK4099: 未找到 PDB“”(使用“SDL2d.lib(SDL_qsort.obj)”或在“”中寻找)；正在链接对象，如同没有调试信息一样
SDL2d.lib(SDL_stdlib.obj) : warning LNK4099: 未找到 PDB“SDL2-static.pdb”(使用“SDL2d.lib(SDL_stdlib.obj)”或在“F:\C++文件\GameDemo\x64\Debug\SDL2-static.pdb”中寻找)；正在链接对象，如同没有调试信息一样
SDL2d.lib(SDL_string.obj) : warning LNK4099: 未找到 PDB“SDL2-static.pdb”(使用“SDL2d.lib(SDL_string.obj)”或在“F:\C++文件\GameDemo\x64\Debug\SDL2-static.pdb”中寻找)；正在链接对象，如同没有调试信息一样
SDL2d.lib(SDL_thread.obj) : warning LNK4099: 未找到 PDB“SDL2-static.pdb”(使用“SDL2d.lib(SDL_thread.obj)”或在“F:\C++文件\GameDemo\x64\Debug\SDL2-static.pdb”中寻找)；正在链接对象，如同没有调试信息一样
SDL2d.lib(SDL_timer.obj) : warning LNK4099: 未找到 PDB“SDL2-static.pdb”(使用“SDL2d.lib(SDL_timer.obj)”或在“F:\C++文件\GameDemo\x64\Debug\SDL2-static.pdb”中寻找)；正在链接对象，如同没有调试信息一样
SDL2d.lib(SDL_RLEaccel.obj) : warning LNK4099: 未找到 PDB“SDL2-static.pdb”(使用“SDL2d.lib(SDL_RLEaccel.obj)”或在“F:\C++文件\GameDemo\x64\Debug\SDL2-static.pdb”中寻找)；正在链接对象，如同没有调试信息一样
SDL2d.lib(SDL_blit.obj) : warning LNK4099: 未找到 PDB“”(使用“SDL2d.lib(SDL_blit.obj)”或在“”中寻找)；正在链接对象，如同没有调试信息一样
SDL2d.lib(SDL_blit_0.obj) : warning LNK4099: 未找到 PDB“SDL2-static.pdb”(使用“SDL2d.lib(SDL_blit_0.obj)”或在“F:\C++文件\GameDemo\x64\Debug\SDL2-static.pdb”中寻找)；正在链接对象，如同没有调试信息一样
SDL2d.lib(SDL_blit_1.obj) : warning LNK4099: 未找到 PDB“SDL2-static.pdb”(使用“SDL2d.lib(SDL_blit_1.obj)”或在“F:\C++文件\GameDemo\x64\Debug\SDL2-static.pdb”中寻找)；正在链接对象，如同没有调试信息一样
SDL2d.lib(SDL_blit_A.obj) : warning LNK4099: 未找到 PDB“SDL2-static.pdb”(使用“SDL2d.lib(SDL_blit_A.obj)”或在“F:\C++文件\GameDemo\x64\Debug\SDL2-static.pdb”中寻找)；正在链接对象，如同没有调试信息一样
SDL2d.lib(SDL_blit_N.obj) : warning LNK4099: 未找到 PDB“SDL2-static.pdb”(使用“SDL2d.lib(SDL_blit_N.obj)”或在“F:\C++文件\GameDemo\x64\Debug\SDL2-static.pdb”中寻找)；正在链接对象，如同没有调试信息一样
SDL2d.lib(SDL_blit_auto.obj) : warning LNK4099: 未找到 PDB“SDL2-static.pdb”(使用“SDL2d.lib(SDL_blit_auto.obj)”或在“F:\C++文件\GameDemo\x64\Debug\SDL2-static.pdb”中寻找)；正在链接对象，如同没有调试信息一样
SDL2d.lib(SDL_blit_copy.obj) : warning LNK4099: 未找到 PDB“SDL2-static.pdb”(使用“SDL2d.lib(SDL_blit_copy.obj)”或在“F:\C++文件\GameDemo\x64\Debug\SDL2-static.pdb”中寻找)；正在链接对象，如同没有调试信息一样
SDL2d.lib(SDL_blit_slow.obj) : warning LNK4099: 未找到 PDB“SDL2-static.pdb”(使用“SDL2d.lib(SDL_blit_slow.obj)”或在“F:\C++文件\GameDemo\x64\Debug\SDL2-static.pdb”中寻找)；正在链接对象，如同没有调试信息一样
SDL2d.lib(SDL_bmp.obj) : warning LNK4099: 未找到 PDB“SDL2-static.pdb”(使用“SDL2d.lib(SDL_bmp.obj)”或在“F:\C++文件\GameDemo\x64\Debug\SDL2-static.pdb”中寻找)；正在链接对象，如同没有调试信息一样
SDL2d.lib(SDL_clipboard.obj) : warning LNK4099: 未找到 PDB“SDL2-static.pdb”(使用“SDL2d.lib(SDL_clipboard.obj)”或在“F:\C++文件\GameDemo\x64\Debug\SDL2-static.pdb”中寻找)；正在链接对象，如同没有调试信息一样
SDL2d.lib(SDL_egl.obj) : warning LNK4099: 未找到 PDB“SDL2-static.pdb”(使用“SDL2d.lib(SDL_egl.obj)”或在“F:\C++文件\GameDemo\x64\Debug\SDL2-static.pdb”中寻找)；正在链接对象，如同没有调试信息一样
SDL2d.lib(SDL_fillrect.obj) : warning LNK4099: 未找到 PDB“SDL2-static.pdb”(使用“SDL2d.lib(SDL_fillrect.obj)”或在“F:\C++文件\GameDemo\x64\Debug\SDL2-static.pdb”中寻找)；正在链接对象，如同没有调试信息一样
SDL2d.lib(SDL_pixels.obj) : warning LNK4099: 未找到 PDB“SDL2-static.pdb”(使用“SDL2d.lib(SDL_pixels.obj)”或在“F:\C++文件\GameDemo\x64\Debug\SDL2-static.pdb”中寻找)；正在链接对象，如同没有调试信息一样
SDL2d.lib(SDL_rect.obj) : warning LNK4099: 未找到 PDB“SDL2-static.pdb”(使用“SDL2d.lib(SDL_rect.obj)”或在“F:\C++文件\GameDemo\x64\Debug\SDL2-static.pdb”中寻找)；正在链接对象，如同没有调试信息一样
SDL2d.lib(SDL_shape.obj) : warning LNK4099: 未找到 PDB“SDL2-static.pdb”(使用“SDL2d.lib(SDL_shape.obj)”或在“F:\C++文件\GameDemo\x64\Debug\SDL2-static.pdb”中寻找)；正在链接对象，如同没有调试信息一样
SDL2d.lib(SDL_stretch.obj) : warning LNK4099: 未找到 PDB“SDL2-static.pdb”(使用“SDL2d.lib(SDL_stretch.obj)”或在“F:\C++文件\GameDemo\x64\Debug\SDL2-static.pdb”中寻找)；正在链接对象，如同没有调试信息一样
SDL2d.lib(SDL_surface.obj) : warning LNK4099: 未找到 PDB“SDL2-static.pdb”(使用“SDL2d.lib(SDL_surface.obj)”或在“F:\C++文件\GameDemo\x64\Debug\SDL2-static.pdb”中寻找)；正在链接对象，如同没有调试信息一样
SDL2d.lib(SDL_video.obj) : warning LNK4099: 未找到 PDB“SDL2-static.pdb”(使用“SDL2d.lib(SDL_video.obj)”或在“F:\C++文件\GameDemo\x64\Debug\SDL2-static.pdb”中寻找)；正在链接对象，如同没有调试信息一样
SDL2d.lib(SDL_vulkan_utils.obj) : warning LNK4099: 未找到 PDB“”(使用“SDL2d.lib(SDL_vulkan_utils.obj)”或在“”中寻找)；正在链接对象，如同没有调试信息一样
SDL2d.lib(SDL_yuv.obj) : warning LNK4099: 未找到 PDB“SDL2-static.pdb”(使用“SDL2d.lib(SDL_yuv.obj)”或在“F:\C++文件\GameDemo\x64\Debug\SDL2-static.pdb”中寻找)；正在链接对象，如同没有调试信息一样
SDL2d.lib(yuv_rgb.obj) : warning LNK4099: 未找到 PDB“SDL2-static.pdb”(使用“SDL2d.lib(yuv_rgb.obj)”或在“F:\C++文件\GameDemo\x64\Debug\SDL2-static.pdb”中寻找)；正在链接对象，如同没有调试信息一样
SDL2d.lib(SDL_gamecontroller.obj) : warning LNK4099: 未找到 PDB“”(使用“SDL2d.lib(SDL_gamecontroller.obj)”或在“”中寻找)；正在链接对象，如同没有调试信息一样
SDL2d.lib(SDL_joystick.obj) : warning LNK4099: 未找到 PDB“SDL2-static.pdb”(使用“SDL2d.lib(SDL_joystick.obj)”或在“F:\C++文件\GameDemo\x64\Debug\SDL2-static.pdb”中寻找)；正在链接对象，如同没有调试信息一样
SDL2d.lib(SDL_haptic.obj) : warning LNK4099: 未找到 PDB“SDL2-static.pdb”(使用“SDL2d.lib(SDL_haptic.obj)”或在“F:\C++文件\GameDemo\x64\Debug\SDL2-static.pdb”中寻找)；正在链接对象，如同没有调试信息一样
SDL2d.lib(SDL_sensor.obj) : warning LNK4099: 未找到 PDB“SDL2-static.pdb”(使用“SDL2d.lib(SDL_sensor.obj)”或在“F:\C++文件\GameDemo\x64\Debug\SDL2-static.pdb”中寻找)；正在链接对象，如同没有调试信息一样
SDL2d.lib(SDL_power.obj) : warning LNK4099: 未找到 PDB“”(使用“SDL2d.lib(SDL_power.obj)”或在“”中寻找)；正在链接对象，如同没有调试信息一样
SDL2d.lib(SDL_dummyaudio.obj) : warning LNK4099: 未找到 PDB“SDL2-static.pdb”(使用“SDL2d.lib(SDL_dummyaudio.obj)”或在“F:\C++文件\GameDemo\x64\Debug\SDL2-static.pdb”中寻找)；正在链接对象，如同没有调试信息一样
SDL2d.lib(SDL_diskaudio.obj) : warning LNK4099: 未找到 PDB“SDL2-static.pdb”(使用“SDL2d.lib(SDL_diskaudio.obj)”或在“F:\C++文件\GameDemo\x64\Debug\SDL2-static.pdb”中寻找)；正在链接对象，如同没有调试信息一样
SDL2d.lib(SDL_nullevents.obj) : warning LNK4099: 未找到 PDB“SDL2-static.pdb”(使用“SDL2d.lib(SDL_nullevents.obj)”或在“F:\C++文件\GameDemo\x64\Debug\SDL2-static.pdb”中寻找)；正在链接对象，如同没有调试信息一样
SDL2d.lib(SDL_nullframebuffer.obj) : warning LNK4099: 未找到 PDB“SDL2-static.pdb”(使用“SDL2d.lib(SDL_nullframebuffer.obj)”或在“F:\C++文件\GameDemo\x64\Debug\SDL2-static.pdb”中寻找)；正在链接对象，如同没有调试信息一样
SDL2d.lib(SDL_nullvideo.obj) : warning LNK4099: 未找到 PDB“SDL2-static.pdb”(使用“SDL2d.lib(SDL_nullvideo.obj)”或在“F:\C++文件\GameDemo\x64\Debug\SDL2-static.pdb”中寻找)；正在链接对象，如同没有调试信息一样
SDL2d.lib(SDL_windows.obj) : warning LNK4099: 未找到 PDB“SDL2-static.pdb”(使用“SDL2d.lib(SDL_windows.obj)”或在“F:\C++文件\GameDemo\x64\Debug\SDL2-static.pdb”中寻找)；正在链接对象，如同没有调试信息一样
SDL2d.lib(SDL_xinput.obj) : warning LNK4099: 未找到 PDB“SDL2-static.pdb”(使用“SDL2d.lib(SDL_xinput.obj)”或在“F:\C++文件\GameDemo\x64\Debug\SDL2-static.pdb”中寻找)；正在链接对象，如同没有调试信息一样
SDL2d.lib(SDL_winmm.obj) : warning LNK4099: 未找到 PDB“SDL2-static.pdb”(使用“SDL2d.lib(SDL_winmm.obj)”或在“F:\C++文件\GameDemo\x64\Debug\SDL2-static.pdb”中寻找)；正在链接对象，如同没有调试信息一样
SDL2d.lib(SDL_directsound.obj) : warning LNK4099: 未找到 PDB“SDL2-static.pdb”(使用“SDL2d.lib(SDL_directsound.obj)”或在“F:\C++文件\GameDemo\x64\Debug\SDL2-static.pdb”中寻找)；正在链接对象，如同没有调试信息一样
SDL2d.lib(SDL_wasapi.obj) : warning LNK4099: 未找到 PDB“SDL2-static.pdb”(使用“SDL2d.lib(SDL_wasapi.obj)”或在“F:\C++文件\GameDemo\x64\Debug\SDL2-static.pdb”中寻找)；正在链接对象，如同没有调试信息一样
SDL2d.lib(SDL_wasapi_win32.obj) : warning LNK4099: 未找到 PDB“SDL2-static.pdb”(使用“SDL2d.lib(SDL_wasapi_win32.obj)”或在“F:\C++文件\GameDemo\x64\Debug\SDL2-static.pdb”中寻找)；正在链接对象，如同没有调试信息一样
SDL2d.lib(SDL_windowsclipboard.obj) : warning LNK4099: 未找到 PDB“SDL2-static.pdb”(使用“SDL2d.lib(SDL_windowsclipboard.obj)”或在“F:\C++文件\GameDemo\x64\Debug\SDL2-static.pdb”中寻找)；正在链接对象，如同没有调试信息一样
SDL2d.lib(SDL_windowsevents.obj) : warning LNK4099: 未找到 PDB“”(使用“SDL2d.lib(SDL_windowsevents.obj)”或在“”中寻找)；正在链接对象，如同没有调试信息一样
SDL2d.lib(SDL_windowsframebuffer.obj) : warning LNK4099: 未找到 PDB“SDL2-static.pdb”(使用“SDL2d.lib(SDL_windowsframebuffer.obj)”或在“F:\C++文件\GameDemo\x64\Debug\SDL2-static.pdb”中寻找)；正在链接对象，如同没有调试信息一样
SDL2d.lib(SDL_windowskeyboard.obj) : warning LNK4099: 未找到 PDB“SDL2-static.pdb”(使用“SDL2d.lib(SDL_windowskeyboard.obj)”或在“F:\C++文件\GameDemo\x64\Debug\SDL2-static.pdb”中寻找)；正在链接对象，如同没有调试信息一样
SDL2d.lib(SDL_windowsmessagebox.obj) : warning LNK4099: 未找到 PDB“”(使用“SDL2d.lib(SDL_windowsmessagebox.obj)”或在“”中寻找)；正在链接对象，如同没有调试信息一样
SDL2d.lib(SDL_windowsmodes.obj) : warning LNK4099: 未找到 PDB“SDL2-static.pdb”(使用“SDL2d.lib(SDL_windowsmodes.obj)”或在“F:\C++文件\GameDemo\x64\Debug\SDL2-static.pdb”中寻找)；正在链接对象，如同没有调试信息一样
SDL2d.lib(SDL_windowsmouse.obj) : warning LNK4099: 未找到 PDB“”(使用“SDL2d.lib(SDL_windowsmouse.obj)”或在“”中寻找)；正在链接对象，如同没有调试信息一样
SDL2d.lib(SDL_windowsopengl.obj) : warning LNK4099: 未找到 PDB“SDL2-static.pdb”(使用“SDL2d.lib(SDL_windowsopengl.obj)”或在“F:\C++文件\GameDemo\x64\Debug\SDL2-static.pdb”中寻找)；正在链接对象，如同没有调试信息一样
SDL2d.lib(SDL_windowsopengles.obj) : warning LNK4099: 未找到 PDB“SDL2-static.pdb”(使用“SDL2d.lib(SDL_windowsopengles.obj)”或在“F:\C++文件\GameDemo\x64\Debug\SDL2-static.pdb”中寻找)；正在链接对象，如同没有调试信息一样
SDL2d.lib(SDL_windowsshape.obj) : warning LNK4099: 未找到 PDB“SDL2-static.pdb”(使用“SDL2d.lib(SDL_windowsshape.obj)”或在“F:\C++文件\GameDemo\x64\Debug\SDL2-static.pdb”中寻找)；正在链接对象，如同没有调试信息一样
SDL2d.lib(SDL_windowsvideo.obj) : warning LNK4099: 未找到 PDB“”(使用“SDL2d.lib(SDL_windowsvideo.obj)”或在“”中寻找)；正在链接对象，如同没有调试信息一样
SDL2d.lib(SDL_windowsvulkan.obj) : warning LNK4099: 未找到 PDB“SDL2-static.pdb”(使用“SDL2d.lib(SDL_windowsvulkan.obj)”或在“F:\C++文件\GameDemo\x64\Debug\SDL2-static.pdb”中寻找)；正在链接对象，如同没有调试信息一样
SDL2d.lib(SDL_windowswindow.obj) : warning LNK4099: 未找到 PDB“SDL2-static.pdb”(使用“SDL2d.lib(SDL_windowswindow.obj)”或在“F:\C++文件\GameDemo\x64\Debug\SDL2-static.pdb”中寻找)；正在链接对象，如同没有调试信息一样
SDL2d.lib(SDL_sysmutex.obj) : warning LNK4099: 未找到 PDB“”(使用“SDL2d.lib(SDL_sysmutex.obj)”或在“”中寻找)；正在链接对象，如同没有调试信息一样
SDL2d.lib(SDL_syssem.obj) : warning LNK4099: 未找到 PDB“SDL2-static.pdb”(使用“SDL2d.lib(SDL_syssem.obj)”或在“F:\C++文件\GameDemo\x64\Debug\SDL2-static.pdb”中寻找)；正在链接对象，如同没有调试信息一样
SDL2d.lib(SDL_systhread.obj) : warning LNK4099: 未找到 PDB“SDL2-static.pdb”(使用“SDL2d.lib(SDL_systhread.obj)”或在“F:\C++文件\GameDemo\x64\Debug\SDL2-static.pdb”中寻找)；正在链接对象，如同没有调试信息一样
SDL2d.lib(SDL_systls.obj) : warning LNK4099: 未找到 PDB“SDL2-static.pdb”(使用“SDL2d.lib(SDL_systls.obj)”或在“F:\C++文件\GameDemo\x64\Debug\SDL2-static.pdb”中寻找)；正在链接对象，如同没有调试信息一样
SDL2d.lib(SDL_syscond.obj) : warning LNK4099: 未找到 PDB“SDL2-static.pdb”(使用“SDL2d.lib(SDL_syscond.obj)”或在“F:\C++文件\GameDemo\x64\Debug\SDL2-static.pdb”中寻找)；正在链接对象，如同没有调试信息一样
SDL2d.lib(SDL_syspower.obj) : warning LNK4099: 未找到 PDB“”(使用“SDL2d.lib(SDL_syspower.obj)”或在“”中寻找)；正在链接对象，如同没有调试信息一样
SDL2d.lib(SDL_sysfilesystem.obj) : warning LNK4099: 未找到 PDB“”(使用“SDL2d.lib(SDL_sysfilesystem.obj)”或在“”中寻找)；正在链接对象，如同没有调试信息一样
SDL2d.lib(SDL_systimer.obj) : warning LNK4099: 未找到 PDB“SDL2-static.pdb”(使用“SDL2d.lib(SDL_systimer.obj)”或在“F:\C++文件\GameDemo\x64\Debug\SDL2-static.pdb”中寻找)；正在链接对象，如同没有调试信息一样
SDL2d.lib(SDL_sysloadso.obj) : warning LNK4099: 未找到 PDB“SDL2-static.pdb”(使用“SDL2d.lib(SDL_sysloadso.obj)”或在“F:\C++文件\GameDemo\x64\Debug\SDL2-static.pdb”中寻找)；正在链接对象，如同没有调试信息一样
SDL2d.lib(SDL_hidapi_ps4.obj) : warning LNK4099: 未找到 PDB“SDL2-static.pdb”(使用“SDL2d.lib(SDL_hidapi_ps4.obj)”或在“F:\C++文件\GameDemo\x64\Debug\SDL2-static.pdb”中寻找)；正在链接对象，如同没有调试信息一样
SDL2d.lib(SDL_hidapi_switch.obj) : warning LNK4099: 未找到 PDB“SDL2-static.pdb”(使用“SDL2d.lib(SDL_hidapi_switch.obj)”或在“F:\C++文件\GameDemo\x64\Debug\SDL2-static.pdb”中寻找)；正在链接对象，如同没有调试信息一样
SDL2d.lib(SDL_hidapijoystick.obj) : warning LNK4099: 未找到 PDB“SDL2-static.pdb”(使用“SDL2d.lib(SDL_hidapijoystick.obj)”或在“F:\C++文件\GameDemo\x64\Debug\SDL2-static.pdb”中寻找)；正在链接对象，如同没有调试信息一样
SDL2d.lib(hid.obj) : warning LNK4099: 未找到 PDB“SDL2-static.pdb”(使用“SDL2d.lib(hid.obj)”或在“F:\C++文件\GameDemo\x64\Debug\SDL2-static.pdb”中寻找)；正在链接对象，如同没有调试信息一样
SDL2d.lib(SDL_dinputjoystick.obj) : warning LNK4099: 未找到 PDB“SDL2-static.pdb”(使用“SDL2d.lib(SDL_dinputjoystick.obj)”或在“F:\C++文件\GameDemo\x64\Debug\SDL2-static.pdb”中寻找)；正在链接对象，如同没有调试信息一样
SDL2d.lib(SDL_windowsjoystick.obj) : warning LNK4099: 未找到 PDB“SDL2-static.pdb”(使用“SDL2d.lib(SDL_windowsjoystick.obj)”或在“F:\C++文件\GameDemo\x64\Debug\SDL2-static.pdb”中寻找)；正在链接对象，如同没有调试信息一样
SDL2d.lib(SDL_xinputjoystick.obj) : warning LNK4099: 未找到 PDB“SDL2-static.pdb”(使用“SDL2d.lib(SDL_xinputjoystick.obj)”或在“F:\C++文件\GameDemo\x64\Debug\SDL2-static.pdb”中寻找)；正在链接对象，如同没有调试信息一样
SDL2d.lib(SDL_dinputhaptic.obj) : warning LNK4099: 未找到 PDB“SDL2-static.pdb”(使用“SDL2d.lib(SDL_dinputhaptic.obj)”或在“F:\C++文件\GameDemo\x64\Debug\SDL2-static.pdb”中寻找)；正在链接对象，如同没有调试信息一样
SDL2d.lib(SDL_windowshaptic.obj) : warning LNK4099: 未找到 PDB“SDL2-static.pdb”(使用“SDL2d.lib(SDL_windowshaptic.obj)”或在“F:\C++文件\GameDemo\x64\Debug\SDL2-static.pdb”中寻找)；正在链接对象，如同没有调试信息一样
SDL2d.lib(SDL_xinputhaptic.obj) : warning LNK4099: 未找到 PDB“SDL2-static.pdb”(使用“SDL2d.lib(SDL_xinputhaptic.obj)”或在“F:\C++文件\GameDemo\x64\Debug\SDL2-static.pdb”中寻找)；正在链接对象，如同没有调试信息一样
SDL2d.lib(SDL_dummysensor.obj) : warning LNK4099: 未找到 PDB“SDL2-static.pdb”(使用“SDL2d.lib(SDL_dummysensor.obj)”或在“F:\C++文件\GameDemo\x64\Debug\SDL2-static.pdb”中寻找)；正在链接对象，如同没有调试信息一样
  GameDemo.vcxproj -> F:\C++文件\GameDemo\x64\Debug\GameDemo.exe
